Determining if the C compiler works failed with the following output:
Change Dir: C:/Users/Lordpb/Documents/GitHub/Cpp-clustering-paralelled-on-GPU/CMakeFiles/CMakeTmp

Run Build Command:"E:/GAMES/Octave-4.2.1/bin/make.exe" "cmTC_dc49e/fast"
/usr/bin/make -f CMakeFiles/cmTC_dc49e.dir/build.make CMakeFiles/cmTC_dc49e.dir/build
make[1]: Entering directory `/c/Users/Lordpb/Documents/GitHub/Cpp-clustering-paralelled-on-GPU/CMakeFiles/CMakeTmp'
Building C object CMakeFiles/cmTC_dc49e.dir/testCCompiler.c.obj
C:/Users/Lordpb/Documents/GitHub/Cpp-clustering-paralelled-on-GPU/nbproject/private/tools/localhost/CLang/clang.exe   /nologo   /DWIN32 /D_WINDOWS /W3  /D_DEBUG /MDd /Zi /Ob0 /Od /RTC1   /FoCMakeFiles/cmTC_dc49e.dir/testCCompiler.c.obj /FdCMakeFiles/cmTC_dc49e.dir/ -c C:/Users/Lordpb/Documents/GitHub/Cpp-clustering-paralelled-on-GPU/CMakeFiles/CMakeTmp/testCCompiler.c
clang.exe: error: no such file or directory: 'E:/GAMES/Octave-4.2.1/nologo'
clang.exe: error: no such file or directory: 'E:/GAMES/Octave-4.2.1/DWIN32'
clang.exe: error: no such file or directory: 'E:/GAMES/Octave-4.2.1/D_WINDOWS'
clang.exe: error: no such file or directory: 'E:/GAMES/Octave-4.2.1/W3'
clang.exe: error: no such file or directory: 'E:/GAMES/Octave-4.2.1/D_DEBUG'
clang.exe: error: no such file or directory: 'E:/GAMES/Octave-4.2.1/MDd'
clang.exe: error: no such file or directory: 'E:/GAMES/Octave-4.2.1/Zi'
clang.exe: error: no such file or directory: 'E:/GAMES/Octave-4.2.1/Ob0'
clang.exe: error: no such file or directory: 'E:/GAMES/Octave-4.2.1/Od'
clang.exe: error: no such file or directory: 'E:/GAMES/Octave-4.2.1/RTC1'
clang.exe: error: no such file or directory: 'E:/GAMES/Octave-4.2.1/FoCMakeFiles/cmTC_dc49e.dir/testCCompiler.c.obj'
clang.exe: error: no such file or directory: 'E:/GAMES/Octave-4.2.1/FdCMakeFiles/cmTC_dc49e.dir/'
make[1]: *** [CMakeFiles/cmTC_dc49e.dir/testCCompiler.c.obj] Error 1
make[1]: Leaving directory `/c/Users/Lordpb/Documents/GitHub/Cpp-clustering-paralelled-on-GPU/CMakeFiles/CMakeTmp'
make: *** [cmTC_dc49e/fast] Error 2


